{
  "RSpec": {
    "coverage": {
      "/Users/ziadsoobratty/Projects/Bookmark-Manager/app.rb": {
        "lines": [
          1,
          null,
          1,
          null,
          1,
          1,
          null,
          null,
          1,
          1,
          1,
          null,
          null
        ]
      },
      "/Users/ziadsoobratty/Projects/Bookmark-Manager/spec/bookmark_spec.rb": {
        "lines": [
          1,
          1,
          1,
          1,
          1,
          1,
          1,
          null,
          null,
          null,
          null,
          null
        ]
      },
      "/Users/ziadsoobratty/Projects/Bookmark-Manager/lib/bookmark.rb": {
        "lines": [
          1,
          1,
          2,
          null,
          null,
          null
        ]
      },
      "/Users/ziadsoobratty/Projects/Bookmark-Manager/spec/features/index_test_spec.rb": {
        "lines": [
          1,
          1,
          1,
          1,
          null,
          null
        ]
      },
      "/Users/ziadsoobratty/Projects/Bookmark-Manager/spec/features/view_bookmarks_spec.rb": {
        "lines": [
          1,
          1,
          1,
          1,
          1,
          null,
          null
        ]
      }
    },
    "timestamp": 1581353196
  }
}
