{
  "RSpec": {
    "coverage": {
      "/Users/ziadsoobratty/Projects/Bookmark-Manager/app.rb": {
        "lines": [
          1,
          null,
          1,
          null,
          1,
          1,
          null,
          null
        ]
      },
      "/Users/ziadsoobratty/Projects/Bookmark-Manager/spec/features/index_test_spec.rb": {
        "lines": [
          1,
          1,
          1,
          1,
          null,
          null
        ]
      }
    },
    "timestamp": 1581345919
  }
}
